producer_class	xtools.gsea.GseaPreranked
producer_timestamp	1613569999471
param	rpt_label	EvC.abs.stat.rnk.weighted.GO_LIP_TRANS
param	rnd_seed	timestamp
param	set_min	5
param	zip_report	false
param	create_svgs	false
param	scoring_scheme	weighted
param	rnk	/net/ostrom/data/bcc/charliew/ABRF_GBIRG_OntologyStudy/dataset_gsea/EvC.abs.stat.rnk
param	norm	meandiv
param	out	/net/ostrom/data/bcc/charliew/ABRF_GBIRG_OntologyStudy/dataset_gsea/feb17
param	mode	Max_probe
param	include_only_symbols	true
param	help	false
param	set_max	1500
param	gmx	GO_LIPID_TRANSFER_ACTIVITY.gmt
param	make_sets	true
param	plot_top_x	40
param	gui	false
param	nperm	1000
param	collapse	No_Collapse

file	/net/ostrom/data/bcc/charliew/ABRF_GBIRG_OntologyStudy/dataset_gsea/feb17/EvC.abs.stat.rnk.weighted.GO_LIP_TRANS.GseaPreranked.1613569999471/index.html
